[16/Oct/2022 19:20:42 Europe/Dublin] [Info] ############################################################
[16/Oct/2022 19:20:42 Europe/Dublin] [Info] # Output Factory initiated (html5)
[16/Oct/2022 19:20:42 Europe/Dublin] [Info] # Building output for: Arria for Power BI DEMO
[16/Oct/2022 19:20:42 Europe/Dublin] [Info] # URL /document/edit/552694
[16/Oct/2022 19:20:42 Europe/Dublin] [Info] # User: Linda Gray
[16/Oct/2022 19:20:42 Europe/Dublin] [Info] # Time: Sun, 16 Oct 2022 19:20:42 +0100
[16/Oct/2022 19:20:42 Europe/Dublin] [Info] # Server: aachen
[16/Oct/2022 19:20:42 Europe/Dublin] [Info] ############################################################
[16/Oct/2022 19:20:42 Europe/Dublin] [Info] Group: custom
[16/Oct/2022 19:20:42 Europe/Dublin] [Info] Type: html5
[16/Oct/2022 19:20:42 Europe/Dublin] [Info] Transformation: /var/www/ccms/usr/arria/xsl/custom/layout-550746.xsl
[16/Oct/2022 19:20:42 Europe/Dublin] [Info] File found: /var/www/ccms/usr/arria/xsl/custom/layout-550746.xsl
[16/Oct/2022 19:20:42 Europe/Dublin] [Info] ############################################################
[16/Oct/2022 19:20:42 Europe/Dublin] [Info] Building output for: html5
[16/Oct/2022 19:20:42 Europe/Dublin] [Info] Using stylesheet: /var/www/ccms/usr/arria/xsl/custom/layout-550746.xsl
[16/Oct/2022 19:20:42 Europe/Dublin] [Info] Parameters for this build: (array) {"profile.xinfo.product":"PowerBI_filter"}
[16/Oct/2022 19:20:42 Europe/Dublin] [Info] Environment variables for this build: (array) []
[16/Oct/2022 19:20:42 Europe/Dublin] [Info] Building output for languages: (array) ["en"]
[16/Oct/2022 19:20:42 Europe/Dublin] [Info] Building multilang: no
[16/Oct/2022 19:20:42 Europe/Dublin] [Info] Building preview: no
[16/Oct/2022 19:20:42 Europe/Dublin] [Info] ############################################################
[16/Oct/2022 19:20:42 Europe/Dublin] [Info] Using build directory: /paligo/tmp/arria/production-634c4b78da15c8.29155732/552694-Arria_for_Power_BI_DEMO-html5
[16/Oct/2022 19:20:43 Europe/Dublin] [Info] -- Generating source files
[16/Oct/2022 19:20:43 Europe/Dublin] [Info] -- Propagating taxonomies: false
[16/Oct/2022 19:20:43 Europe/Dublin] [Info] -- Source files have been generated
[16/Oct/2022 19:20:43 Europe/Dublin] [Info] -- Publication has no unresolved dependencies.
[16/Oct/2022 19:20:43 Europe/Dublin] [Info] -- Generating source files complete.
[16/Oct/2022 19:20:44 Europe/Dublin] [Info] Localizing: publication-552694.xml
[16/Oct/2022 19:20:44 Europe/Dublin] [Info] Language: en
[16/Oct/2022 19:20:44 Europe/Dublin] [Warning] Resolving some links failed
[16/Oct/2022 19:20:44 Europe/Dublin] [Info] [/*/*[4]/*[5]/*[2]/*[3]/*[2]/*[1]/*[1]/*/*] An outgoing link in <a href="/document/edit/551457">2 BI TOOL-SPECIFIC: Power BI</a> could not be resolved. The link points to <a href="/document/edit/265581">7.2 Deployment options and API Settings</a> which is not part of this publication.
[16/Oct/2022 19:20:44 Europe/Dublin] [Info] [/*/*[4]/*[5]/*[2]/*[3]/*[2]/*[2]/*[1]/*/*] An outgoing link in <a href="/document/edit/551457">2 BI TOOL-SPECIFIC: Power BI</a> could not be resolved. The link points to <a href="/document/edit/265581">7.2 Deployment options and API Settings</a> which is not part of this publication.
[16/Oct/2022 19:20:44 Europe/Dublin] [Info] [/*/*[4]/*[5]/*[2]/*[3]/*[2]/*[2]/*[4]/*[1]/*] An outgoing link in <a href="/document/edit/551457">2 BI TOOL-SPECIFIC: Power BI</a> could not be resolved. The link points to <a href="/document/edit/265581">7.2 Deployment options and API Settings</a> which is not part of this publication.
[16/Oct/2022 19:20:44 Europe/Dublin] [Info] [/*/*[4]/*[5]/*[4]/*] An outgoing link in <a href="/document/edit/551457">2 BI TOOL-SPECIFIC: Power BI</a> could not be resolved. The link points to <a href="/document/edit/495196">2.2 PB Import & Update Arria for Power BI - COMPLETE</a> which is not part of this publication.
[16/Oct/2022 19:20:44 Europe/Dublin] [Info] Variable sets found: 2
[16/Oct/2022 19:20:46 Europe/Dublin] [Info] Inserting image links.
[16/Oct/2022 19:20:46 Europe/Dublin] [Info] Found 15 image(s).
[16/Oct/2022 19:20:46 Europe/Dublin] [Info] Found image 'logo_-_Power_BI.jpg'
[16/Oct/2022 19:20:46 Europe/Dublin] [Info] Found image 'icon-orig-microstrategy.png'
[16/Oct/2022 19:20:46 Europe/Dublin] [Info] Found image 'logo-powerbi.png'
[16/Oct/2022 19:20:46 Europe/Dublin] [Info] Found image 'icon-qlik-sense-orig.png'
[16/Oct/2022 19:20:46 Europe/Dublin] [Info] Found image 'icon-orig-tableau.png'
[16/Oct/2022 19:20:46 Europe/Dublin] [Info] Found image 'tibco-spotfire.png'
[16/Oct/2022 19:20:46 Europe/Dublin] [Info] Found image 'microstrategy-arria-showcase-explore-custom-narratives.png'
[16/Oct/2022 19:20:46 Europe/Dublin] [Info] Found image 'power-bi-arria-showcase-explore-custom-narratives.png'
[16/Oct/2022 19:20:46 Europe/Dublin] [Info] Found image 'power-bi-arria-import-get-more-visuals.png'
[16/Oct/2022 19:20:46 Europe/Dublin] [Info] Found image 'power-bi-arria-get-more-visuals-option.png'
[16/Oct/2022 19:20:46 Europe/Dublin] [Info] Found image 'power-bi-arria-get-more-visuals-add.png'
[16/Oct/2022 19:20:46 Europe/Dublin] [Info] Found image 'power-bi-arria-import-visual-from-file-option.png'
[16/Oct/2022 19:20:46 Europe/Dublin] [Info] Found image 'power-bi-arria-import-visual-from-file-file.png'
[16/Oct/2022 19:20:46 Europe/Dublin] [Info] Found image 'power-bi-arria-import-successful.png'
[16/Oct/2022 19:20:46 Europe/Dublin] [Info] Found image 'power-bi-arria-add-intelligent-narratives.png'
[16/Oct/2022 19:20:47 Europe/Dublin] [Info] Profiling parameters: (array) {"profile.xinfo.product":"PowerBI_filter"}
[16/Oct/2022 19:20:47 Europe/Dublin] [Info] Profiling customisation: /var/www/ccms/usr/arria/xsl/profile.xsl (not found)
[16/Oct/2022 19:20:47 Europe/Dublin] [Info] Transformation: publication-552694--en.org.xml -> publication-552694--en.xml [profile.xsl]
[16/Oct/2022 19:20:47 Europe/Dublin] [Info] Transformation: publication-552694--en.xml -> publication-552694--en.xml [internal-xref.xsl]
[16/Oct/2022 19:20:47 Europe/Dublin] [Info] Transformation: A-filelist.xml -> B-sorted.xml [IO.document.sortlang.xsl]
[16/Oct/2022 19:20:47 Europe/Dublin] [Info] Transformation: B-sorted.xml -> C-concatenated.xml [IO.document.concat.xsl]
[16/Oct/2022 19:20:47 Europe/Dublin] [Info] Transformation: B-sorted.xml -> index-en.xml [IO.document.head.xsl]
[16/Oct/2022 19:20:47 Europe/Dublin] [Info] Created copy: /var/www/ccms/usr/arria/xsl/custom/layout-550746.xsl -> /var/www/ccms/usr/arria/xsl/custom/634c4b7f9ee11.xsl
[16/Oct/2022 19:20:47 Europe/Dublin] [Info] Created symlink: /var/www/ccms/usr/arria/xsl/html5/base_html5-2.page.xsl -> /var/www/ccms/usr/arria/xsl/custom/634c4b7f9ee11.page.xsl
[16/Oct/2022 19:20:47 Europe/Dublin] [Info] Created symlink: /var/www/ccms/usr/arria/xsl/html5/base_html5-2.index.xsl -> /var/www/ccms/usr/arria/xsl/custom/634c4b7f9ee11.index.xsl
[16/Oct/2022 19:20:47 Europe/Dublin] [Info] Created symlink: /var/www/ccms/usr/arria/xsl/default/html5/html5-2.page.xsl -> /var/www/ccms/usr/arria/xsl/custom/634c4b7f9ee11.page.xsl
[16/Oct/2022 19:20:47 Europe/Dublin] [Info] Created symlink: /var/www/ccms/usr/arria/xsl/default/html5/html5-2.index.xsl -> /var/www/ccms/usr/arria/xsl/custom/634c4b7f9ee11.index.xsl
[16/Oct/2022 19:20:47 Europe/Dublin] [Info] Created symlink: /var/www/ccms/usr/arria/xsl/default/html5/html5.toc.xsl -> /var/www/ccms/usr/arria/xsl/custom/634c4b7f9ee11.toc.xsl
[16/Oct/2022 19:20:47 Europe/Dublin] [Info] Created symlink: /var/www/ccms/usr/arria/xsl/default/html5/html5.page.xsl -> /var/www/ccms/usr/arria/xsl/custom/634c4b7f9ee11.page.xsl
[16/Oct/2022 19:20:47 Europe/Dublin] [Info] Created symlink: /var/www/ccms/usr/arria/xsl/default/html5/html5.index.xsl -> /var/www/ccms/usr/arria/xsl/custom/634c4b7f9ee11.index.xsl
[16/Oct/2022 19:20:48 Europe/Dublin] [Info] Image copied: en/image/uuid-80457c96-d295-548b-d917-b09aebd43c3f.jpg
[16/Oct/2022 19:20:48 Europe/Dublin] [Info] Image copied: en/image/uuid-c9304da2-a005-5caa-1fe4-b30cbe5aefed.png
[16/Oct/2022 19:20:48 Europe/Dublin] [Info] Image copied: en/image/uuid-94c97f3b-d253-7f60-3f08-54531f9a5dbe.png
[16/Oct/2022 19:20:48 Europe/Dublin] [Info] Image copied: en/image/uuid-31549aa8-8262-52ce-7374-e3943c09501c.png
[16/Oct/2022 19:20:48 Europe/Dublin] [Info] Image copied: en/image/uuid-b814ec25-37f2-7f25-21bf-58335b7cd5e1.png
[16/Oct/2022 19:20:48 Europe/Dublin] [Info] Image copied: en/image/uuid-fe3c20b7-e305-8b91-1dda-002216a631f1.png
[16/Oct/2022 19:20:48 Europe/Dublin] [Info] Image copied: en/image/uuid-fff59522-7372-88a8-471d-39d8fb7e680f.png
[16/Oct/2022 19:20:48 Europe/Dublin] [Info] Image copied: en/image/uuid-64255da5-20d1-8d34-9885-f75ac6f82ca8.png
[16/Oct/2022 19:20:48 Europe/Dublin] [Info] Image copied: en/image/uuid-7280e4fe-1f6d-9faf-b596-7baec4a267c4.png
[16/Oct/2022 19:20:48 Europe/Dublin] [Info] Image copied: en/image/uuid-20addfd4-1334-ff2a-92cd-e554851336d2.png
[16-Oct-2022 19:20:48 Europe/Dublin] Parsing manifest file: css/*, css/image/*, css/image/callouts/*, js/*, js/jquery-3/*, fonts/*
[16-Oct-2022 19:20:48 Europe/Dublin] Filename: css/*
[16-Oct-2022 19:20:48 Europe/Dublin] Source directory: /var/www/ccms/application/lib/docbook/xsl/html5
[16-Oct-2022 19:20:48 Europe/Dublin] Target directory: /paligo/tmp/arria/production-634c4b78da15c8.29155732/552694-Arria_for_Power_BI_DEMO-html5/out
[16-Oct-2022 19:20:48 Europe/Dublin] Copy file 'bootstrap-3.0.2.min.css'
[16-Oct-2022 19:20:48 Europe/Dublin] Copy file 'bootstrap-theme-3.0.2.min.css'
[16-Oct-2022 19:20:48 Europe/Dublin] Copy file 'bootstrap-theme.min.css'
[16-Oct-2022 19:20:48 Europe/Dublin] Copy file 'bootstrap-theme.min.css.map'
[16-Oct-2022 19:20:48 Europe/Dublin] Copy file 'bootstrap.min.css'
[16-Oct-2022 19:20:48 Europe/Dublin] Copy file 'bootstrap.min.css.map'
[16-Oct-2022 19:20:48 Europe/Dublin] Copy file 'content-theme1.css'
[16-Oct-2022 19:20:48 Europe/Dublin] Copy file 'content-theme2.css'
[16-Oct-2022 19:20:48 Europe/Dublin] Copy file 'docbook.css'
[16-Oct-2022 19:20:48 Europe/Dublin] Copy file 'font-awesome.css'
[16-Oct-2022 19:20:48 Europe/Dublin] Copy file 'graphical-lists.css'
[16-Oct-2022 19:20:48 Europe/Dublin] Copy file 'html5.algoliasearch.css'
[16-Oct-2022 19:20:48 Europe/Dublin] Copy file 'html5.algoliasearchpage.css'
[16-Oct-2022 19:20:48 Europe/Dublin] Copy file 'mathml.css'
[16-Oct-2022 19:20:48 Europe/Dublin] Copy file 'roboto.font.css'
[16-Oct-2022 19:20:48 Europe/Dublin] Copy file 'rwd-table.min.css'
[16-Oct-2022 19:20:48 Europe/Dublin] Copy file 'sm-core-css.css'
[16-Oct-2022 19:20:48 Europe/Dublin] Copy file 'sm-simple.css'
[16-Oct-2022 19:20:48 Europe/Dublin] Copy file 'style-api-responsive.css'
[16-Oct-2022 19:20:48 Europe/Dublin] Copy file 'style-api.css'
[16-Oct-2022 19:20:48 Europe/Dublin] Copy file 'style-common.css'
[16-Oct-2022 19:20:48 Europe/Dublin] Copy file 'style-index-page.css'
[16-Oct-2022 19:20:48 Europe/Dublin] Copy file 'style-modern-tables.css'
[16-Oct-2022 19:20:48 Europe/Dublin] Copy file 'style-print.css'
[16-Oct-2022 19:20:48 Europe/Dublin] Copy file 'style-responsive.css'
[16-Oct-2022 19:20:48 Europe/Dublin] Copy file 'style-revealjs-slides.css'
[16-Oct-2022 19:20:48 Europe/Dublin] Copy file 'style-single-page.css'
[16-Oct-2022 19:20:48 Europe/Dublin] Copy file 'style.css'
[16-Oct-2022 19:20:48 Europe/Dublin] Copy file 'theme0.css'
[16-Oct-2022 19:20:48 Europe/Dublin] Copy file 'theme1-colors.css'
[16-Oct-2022 19:20:48 Europe/Dublin] Copy file 'theme1.css'
[16-Oct-2022 19:20:48 Europe/Dublin] Copy file 'theme2-colors.css'
[16-Oct-2022 19:20:48 Europe/Dublin] Copy file 'theme2.css'
[16-Oct-2022 19:20:48 Europe/Dublin] Copy file 'theme3-colors.css'
[16-Oct-2022 19:20:48 Europe/Dublin] Copy file 'theme3.css'
[16-Oct-2022 19:20:48 Europe/Dublin] Copy file 'theme3b-colors.css'
[16-Oct-2022 19:20:48 Europe/Dublin] Copy file 'theme3b.css'
[16-Oct-2022 19:20:48 Europe/Dublin] Copy file 'theme3c-colors.css'
[16-Oct-2022 19:20:48 Europe/Dublin] Copy file 'theme3c.css'
[16-Oct-2022 19:20:48 Europe/Dublin] Copy file 'theme3d-colors.css'
[16-Oct-2022 19:20:48 Europe/Dublin] Copy file 'theme3d.css'
[16-Oct-2022 19:20:48 Europe/Dublin] Copy file 'wcag.css'
[16-Oct-2022 19:20:48 Europe/Dublin] Filename: css/image/*
[16-Oct-2022 19:20:48 Europe/Dublin] Source directory: /var/www/ccms/application/lib/docbook/xsl/html5
[16-Oct-2022 19:20:48 Europe/Dublin] Target directory: /paligo/tmp/arria/production-634c4b78da15c8.29155732/552694-Arria_for_Power_BI_DEMO-html5/out
[16-Oct-2022 19:20:48 Europe/Dublin] Copy file 'breadcrumb-seperator.png'
[16-Oct-2022 19:20:48 Europe/Dublin] Copy file 'caution.png'
[16-Oct-2022 19:20:48 Europe/Dublin] Copy file 'corporate-logo-blue-inverted.svg'
[16-Oct-2022 19:20:48 Europe/Dublin] Copy file 'corporate-logo-blue.svg'
[16-Oct-2022 19:20:48 Europe/Dublin] Copy file 'corporate-logo-white.png'
[16-Oct-2022 19:20:48 Europe/Dublin] Copy file 'corporate-logo-white.svg'
[16-Oct-2022 19:20:48 Europe/Dublin] Copy file 'corporate-logo.png'
[16-Oct-2022 19:20:48 Europe/Dublin] Copy file 'corporate-logo.svg'
[16-Oct-2022 19:20:48 Europe/Dublin] Copy file 'important.png'
[16-Oct-2022 19:20:48 Europe/Dublin] Copy file 'note.png'
[16-Oct-2022 19:20:48 Europe/Dublin] Copy file 'portal1-bg.jpg'
[16-Oct-2022 19:20:48 Europe/Dublin] Copy file 'portal2a-bg.jpg'
[16-Oct-2022 19:20:48 Europe/Dublin] Copy file 'portal2b-bg.jpg'
[16-Oct-2022 19:20:48 Europe/Dublin] Copy file 'portal2c-bg.jpg'
[16-Oct-2022 19:20:48 Europe/Dublin] Copy file 'subheader-bg.png'
[16-Oct-2022 19:20:48 Europe/Dublin] Copy file 'warning.png'
[16-Oct-2022 19:20:48 Europe/Dublin] Filename: css/image/callouts/*
[16-Oct-2022 19:20:48 Europe/Dublin] Source directory: /var/www/ccms/application/lib/docbook/xsl/html5
[16-Oct-2022 19:20:48 Europe/Dublin] Target directory: /paligo/tmp/arria/production-634c4b78da15c8.29155732/552694-Arria_for_Power_BI_DEMO-html5/out
[16-Oct-2022 19:20:48 Europe/Dublin] Copy file '1.gif'
[16-Oct-2022 19:20:48 Europe/Dublin] Copy file '1.png'
[16-Oct-2022 19:20:48 Europe/Dublin] Copy file '1.svg'
[16-Oct-2022 19:20:48 Europe/Dublin] Copy file '10.gif'
[16-Oct-2022 19:20:48 Europe/Dublin] Copy file '10.png'
[16-Oct-2022 19:20:48 Europe/Dublin] Copy file '10.svg'
[16-Oct-2022 19:20:48 Europe/Dublin] Copy file '11.gif'
[16-Oct-2022 19:20:48 Europe/Dublin] Copy file '11.png'
[16-Oct-2022 19:20:48 Europe/Dublin] Copy file '11.svg'
[16-Oct-2022 19:20:48 Europe/Dublin] Copy file '12.gif'
[16-Oct-2022 19:20:48 Europe/Dublin] Copy file '12.png'
[16-Oct-2022 19:20:48 Europe/Dublin] Copy file '12.svg'
[16-Oct-2022 19:20:48 Europe/Dublin] Copy file '13.gif'
[16-Oct-2022 19:20:48 Europe/Dublin] Copy file '13.png'
[16-Oct-2022 19:20:48 Europe/Dublin] Copy file '13.svg'
[16-Oct-2022 19:20:48 Europe/Dublin] Copy file '14.gif'
[16-Oct-2022 19:20:48 Europe/Dublin] Copy file '14.png'
[16-Oct-2022 19:20:48 Europe/Dublin] Copy file '14.svg'
[16-Oct-2022 19:20:48 Europe/Dublin] Copy file '15.gif'
[16-Oct-2022 19:20:48 Europe/Dublin] Copy file '15.png'
[16-Oct-2022 19:20:48 Europe/Dublin] Copy file '15.svg'
[16-Oct-2022 19:20:48 Europe/Dublin] Copy file '16.svg'
[16-Oct-2022 19:20:48 Europe/Dublin] Copy file '17.svg'
[16-Oct-2022 19:20:48 Europe/Dublin] Copy file '18.svg'
[16-Oct-2022 19:20:48 Europe/Dublin] Copy file '19.svg'
[16-Oct-2022 19:20:48 Europe/Dublin] Copy file '2.gif'
[16-Oct-2022 19:20:48 Europe/Dublin] Copy file '2.png'
[16-Oct-2022 19:20:48 Europe/Dublin] Copy file '2.svg'
[16-Oct-2022 19:20:48 Europe/Dublin] Copy file '20.svg'
[16-Oct-2022 19:20:48 Europe/Dublin] Copy file '21.svg'
[16-Oct-2022 19:20:48 Europe/Dublin] Copy file '22.svg'
[16-Oct-2022 19:20:48 Europe/Dublin] Copy file '23.svg'
[16-Oct-2022 19:20:48 Europe/Dublin] Copy file '24.svg'
[16-Oct-2022 19:20:48 Europe/Dublin] Copy file '25.svg'
[16-Oct-2022 19:20:48 Europe/Dublin] Copy file '26.svg'
[16-Oct-2022 19:20:48 Europe/Dublin] Copy file '27.svg'
[16-Oct-2022 19:20:48 Europe/Dublin] Copy file '28.svg'
[16-Oct-2022 19:20:48 Europe/Dublin] Copy file '29.svg'
[16-Oct-2022 19:20:48 Europe/Dublin] Copy file '3.gif'
[16-Oct-2022 19:20:48 Europe/Dublin] Copy file '3.png'
[16-Oct-2022 19:20:48 Europe/Dublin] Copy file '3.svg'
[16-Oct-2022 19:20:48 Europe/Dublin] Copy file '30.svg'
[16-Oct-2022 19:20:48 Europe/Dublin] Copy file '4.gif'
[16-Oct-2022 19:20:48 Europe/Dublin] Copy file '4.png'
[16-Oct-2022 19:20:48 Europe/Dublin] Copy file '4.svg'
[16-Oct-2022 19:20:48 Europe/Dublin] Copy file '5.gif'
[16-Oct-2022 19:20:48 Europe/Dublin] Copy file '5.png'
[16-Oct-2022 19:20:48 Europe/Dublin] Copy file '5.svg'
[16-Oct-2022 19:20:48 Europe/Dublin] Copy file '6.gif'
[16-Oct-2022 19:20:48 Europe/Dublin] Copy file '6.png'
[16-Oct-2022 19:20:48 Europe/Dublin] Copy file '6.svg'
[16-Oct-2022 19:20:48 Europe/Dublin] Copy file '7.gif'
[16-Oct-2022 19:20:48 Europe/Dublin] Copy file '7.png'
[16-Oct-2022 19:20:48 Europe/Dublin] Copy file '7.svg'
[16-Oct-2022 19:20:48 Europe/Dublin] Copy file '8.gif'
[16-Oct-2022 19:20:48 Europe/Dublin] Copy file '8.png'
[16-Oct-2022 19:20:48 Europe/Dublin] Copy file '8.svg'
[16-Oct-2022 19:20:48 Europe/Dublin] Copy file '9.gif'
[16-Oct-2022 19:20:48 Europe/Dublin] Copy file '9.png'
[16-Oct-2022 19:20:48 Europe/Dublin] Copy file '9.svg'
[16-Oct-2022 19:20:48 Europe/Dublin] Filename: js/*
[16-Oct-2022 19:20:48 Europe/Dublin] Source directory: /var/www/ccms/application/lib/docbook/xsl/html5
[16-Oct-2022 19:20:48 Europe/Dublin] Target directory: /paligo/tmp/arria/production-634c4b78da15c8.29155732/552694-Arria_for_Power_BI_DEMO-html5/out
[16-Oct-2022 19:20:48 Europe/Dublin] Copy file 'ajax-loading.js'
[16-Oct-2022 19:20:48 Europe/Dublin] Copy file 'anchorlinks.js'
[16-Oct-2022 19:20:48 Europe/Dublin] Copy file 'bootstrap.min.js'
[16-Oct-2022 19:20:48 Europe/Dublin] Copy file 'checklist.js'
[16-Oct-2022 19:20:48 Europe/Dublin] Copy file 'clipboard.min.js'
[16-Oct-2022 19:20:48 Europe/Dublin] Copy file 'cookie-consent.js'
[16-Oct-2022 19:20:48 Europe/Dublin] Copy file 'create-toc.js'
[16-Oct-2022 19:20:48 Europe/Dublin] Copy file 'csh.js'
[16-Oct-2022 19:20:48 Europe/Dublin] Copy file 'fuse.min.js'
[16-Oct-2022 19:20:48 Europe/Dublin] Copy file 'hilitor.js'
[16-Oct-2022 19:20:48 Europe/Dublin] Copy file 'html5-2-ajax-hp.js'
[16-Oct-2022 19:20:48 Europe/Dublin] Copy file 'html5-2-ajax.js'
[16-Oct-2022 19:20:48 Europe/Dublin] Copy file 'html5-2-mp-common.js'
[16-Oct-2022 19:20:48 Europe/Dublin] Copy file 'html5-2-portal.js'
[16-Oct-2022 19:20:48 Europe/Dublin] Copy file 'html5-2.js'
[16-Oct-2022 19:20:48 Europe/Dublin] Copy file 'html5.algoliasearch.js'
[16-Oct-2022 19:20:48 Europe/Dublin] Copy file 'html5.algoliasearchpage.js'
[16-Oct-2022 19:20:48 Europe/Dublin] Copy file 'html5.fuse.search.js'
[16-Oct-2022 19:20:48 Europe/Dublin] Copy file 'jquery-1.10.2.min.js'
[16-Oct-2022 19:20:48 Europe/Dublin] Copy file 'jquery-1.10.2.min.map'
[16-Oct-2022 19:20:48 Europe/Dublin] Copy file 'jquery-migrate-3.0.1.min.js'
[16-Oct-2022 19:20:48 Europe/Dublin] Copy file 'jquery-ui-1.10.3.custom.min.js'
[16-Oct-2022 19:20:48 Europe/Dublin] Copy file 'jquery.event.move.js'
[16-Oct-2022 19:20:48 Europe/Dublin] Copy file 'jquery.event.swipe.js'
[16-Oct-2022 19:20:48 Europe/Dublin] Copy file 'jquery.mark.min.js'
[16-Oct-2022 19:20:48 Europe/Dublin] Copy file 'jquery.paligocode.js'
[16-Oct-2022 19:20:48 Europe/Dublin] Copy file 'jquery.smartmenus.js'
[16-Oct-2022 19:20:48 Europe/Dublin] Copy file 'jquery.sticky.js'
[16-Oct-2022 19:20:48 Europe/Dublin] Copy file 'lunr-single-lang.js'
[16-Oct-2022 19:20:48 Europe/Dublin] Copy file 'lunr.js'
[16-Oct-2022 19:20:48 Europe/Dublin] Copy file 'materialize.min.js'
[16-Oct-2022 19:20:48 Europe/Dublin] Copy file 'mspace.js'
[16-Oct-2022 19:20:48 Europe/Dublin] Copy file 'purl.js'
[16-Oct-2022 19:20:48 Europe/Dublin] Copy file 'respond.min.js'
[16-Oct-2022 19:20:48 Europe/Dublin] Copy file 'responsive-tables.js'
[16-Oct-2022 19:20:48 Europe/Dublin] Copy file 'rwd-table.min.js'
[16-Oct-2022 19:20:48 Europe/Dublin] Copy file 'script-api.js'
[16-Oct-2022 19:20:48 Europe/Dublin] Copy file 'script-revealjs-slides.js'
[16-Oct-2022 19:20:48 Europe/Dublin] Copy file 'script.js'
[16-Oct-2022 19:20:48 Europe/Dublin] Copy file 'search.js'
[16-Oct-2022 19:20:48 Europe/Dublin] Copy file 'updateurl.js'
[16-Oct-2022 19:20:48 Europe/Dublin] Filename: js/jquery-3/*
[16-Oct-2022 19:20:48 Europe/Dublin] Source directory: /var/www/ccms/application/lib/docbook/xsl/html5
[16-Oct-2022 19:20:48 Europe/Dublin] Target directory: /paligo/tmp/arria/production-634c4b78da15c8.29155732/552694-Arria_for_Power_BI_DEMO-html5/out
[16-Oct-2022 19:20:48 Europe/Dublin] Copy file 'jquery-3.4.1.min.js'
[16-Oct-2022 19:20:48 Europe/Dublin] Copy file 'jquery-3.5.1.min.js'
[16-Oct-2022 19:20:48 Europe/Dublin] Copy file 'jquery-3.6.0.min.js'
[16-Oct-2022 19:20:48 Europe/Dublin] Filename: fonts/*
[16-Oct-2022 19:20:48 Europe/Dublin] Source directory: /var/www/ccms/application/lib/docbook/xsl/html5
[16-Oct-2022 19:20:48 Europe/Dublin] Target directory: /paligo/tmp/arria/production-634c4b78da15c8.29155732/552694-Arria_for_Power_BI_DEMO-html5/out
[16-Oct-2022 19:20:48 Europe/Dublin] Copy file 'FontAwesome.otf'
[16-Oct-2022 19:20:48 Europe/Dublin] Copy file 'fontawesome-webfont.eot'
[16-Oct-2022 19:20:48 Europe/Dublin] Copy file 'fontawesome-webfont.svg'
[16-Oct-2022 19:20:48 Europe/Dublin] Copy file 'fontawesome-webfont.ttf'
[16-Oct-2022 19:20:48 Europe/Dublin] Copy file 'fontawesome-webfont.woff'
[16-Oct-2022 19:20:48 Europe/Dublin] Copy file 'fontawesome-webfont.woff2'
[16-Oct-2022 19:20:48 Europe/Dublin] Copy file 'glyphicons-halflings-regular.eot'
[16-Oct-2022 19:20:48 Europe/Dublin] Copy file 'glyphicons-halflings-regular.svg'
[16-Oct-2022 19:20:48 Europe/Dublin] Copy file 'glyphicons-halflings-regular.ttf'
[16-Oct-2022 19:20:48 Europe/Dublin] Copy file 'glyphicons-halflings-regular.woff'
[16-Oct-2022 19:20:48 Europe/Dublin] Copy file 'glyphicons-halflings-regular.woff2'
[16-Oct-2022 19:20:48 Europe/Dublin] Copy file 'roboto-v20-vietnamese_latin-ext_latin_greek-ext_greek_cyrillic-ext_cyrillic-300.eot'
[16-Oct-2022 19:20:48 Europe/Dublin] Copy file 'roboto-v20-vietnamese_latin-ext_latin_greek-ext_greek_cyrillic-ext_cyrillic-300.svg'
[16-Oct-2022 19:20:48 Europe/Dublin] Copy file 'roboto-v20-vietnamese_latin-ext_latin_greek-ext_greek_cyrillic-ext_cyrillic-300.ttf'
[16-Oct-2022 19:20:48 Europe/Dublin] Copy file 'roboto-v20-vietnamese_latin-ext_latin_greek-ext_greek_cyrillic-ext_cyrillic-300.woff'
[16-Oct-2022 19:20:48 Europe/Dublin] Copy file 'roboto-v20-vietnamese_latin-ext_latin_greek-ext_greek_cyrillic-ext_cyrillic-300.woff2'
[16-Oct-2022 19:20:48 Europe/Dublin] Copy file 'roboto-v20-vietnamese_latin-ext_latin_greek-ext_greek_cyrillic-ext_cyrillic-700.eot'
[16-Oct-2022 19:20:48 Europe/Dublin] Copy file 'roboto-v20-vietnamese_latin-ext_latin_greek-ext_greek_cyrillic-ext_cyrillic-700.svg'
[16-Oct-2022 19:20:48 Europe/Dublin] Copy file 'roboto-v20-vietnamese_latin-ext_latin_greek-ext_greek_cyrillic-ext_cyrillic-700.ttf'
[16-Oct-2022 19:20:48 Europe/Dublin] Copy file 'roboto-v20-vietnamese_latin-ext_latin_greek-ext_greek_cyrillic-ext_cyrillic-700.woff'
[16-Oct-2022 19:20:48 Europe/Dublin] Copy file 'roboto-v20-vietnamese_latin-ext_latin_greek-ext_greek_cyrillic-ext_cyrillic-700.woff2'
[16-Oct-2022 19:20:48 Europe/Dublin] Copy file 'roboto-v20-vietnamese_latin-ext_latin_greek-ext_greek_cyrillic-ext_cyrillic-regular.eot'
[16-Oct-2022 19:20:48 Europe/Dublin] Copy file 'roboto-v20-vietnamese_latin-ext_latin_greek-ext_greek_cyrillic-ext_cyrillic-regular.svg'
[16-Oct-2022 19:20:48 Europe/Dublin] Copy file 'roboto-v20-vietnamese_latin-ext_latin_greek-ext_greek_cyrillic-ext_cyrillic-regular.ttf'
[16-Oct-2022 19:20:48 Europe/Dublin] Copy file 'roboto-v20-vietnamese_latin-ext_latin_greek-ext_greek_cyrillic-ext_cyrillic-regular.woff'
[16-Oct-2022 19:20:48 Europe/Dublin] Copy file 'roboto-v20-vietnamese_latin-ext_latin_greek-ext_greek_cyrillic-ext_cyrillic-regular.woff2'
[16-Oct-2022 19:20:48 Europe/Dublin] Parsing manifest file: css/*, css/image/*, css/image/callouts/*, js/*, fonts/*
[16-Oct-2022 19:20:48 Europe/Dublin] Filename: css/*
[16-Oct-2022 19:20:48 Europe/Dublin] Source directory: /datastore/users/arria/xsl/html5
[16-Oct-2022 19:20:48 Europe/Dublin] Target directory: /paligo/tmp/arria/production-634c4b78da15c8.29155732/552694-Arria_for_Power_BI_DEMO-html5/out
[16-Oct-2022 19:20:48 Europe/Dublin] Filename: css/image/*
[16-Oct-2022 19:20:48 Europe/Dublin] Source directory: /datastore/users/arria/xsl/html5
[16-Oct-2022 19:20:48 Europe/Dublin] Target directory: /paligo/tmp/arria/production-634c4b78da15c8.29155732/552694-Arria_for_Power_BI_DEMO-html5/out
[16-Oct-2022 19:20:48 Europe/Dublin] Filename: css/image/callouts/*
[16-Oct-2022 19:20:48 Europe/Dublin] Source directory: /datastore/users/arria/xsl/html5
[16-Oct-2022 19:20:48 Europe/Dublin] Target directory: /paligo/tmp/arria/production-634c4b78da15c8.29155732/552694-Arria_for_Power_BI_DEMO-html5/out
[16-Oct-2022 19:20:48 Europe/Dublin] Filename: js/*
[16-Oct-2022 19:20:48 Europe/Dublin] Source directory: /datastore/users/arria/xsl/html5
[16-Oct-2022 19:20:48 Europe/Dublin] Target directory: /paligo/tmp/arria/production-634c4b78da15c8.29155732/552694-Arria_for_Power_BI_DEMO-html5/out
[16-Oct-2022 19:20:48 Europe/Dublin] Filename: fonts/*
[16-Oct-2022 19:20:48 Europe/Dublin] Source directory: /datastore/users/arria/xsl/html5
[16-Oct-2022 19:20:48 Europe/Dublin] Target directory: /paligo/tmp/arria/production-634c4b78da15c8.29155732/552694-Arria_for_Power_BI_DEMO-html5/out
[16-Oct-2022 19:20:48 Europe/Dublin] Copy file '/var/www/ccms/usr/arria/xsl/custom/assets/layout-550746/5e905a09248bf.png' to '/paligo/tmp/arria/production-634c4b78da15c8.29155732/552694-Arria_for_Power_BI_DEMO-html5/out/css/image/corporate-logo.png'
[16-Oct-2022 19:20:48 Europe/Dublin] Copy file '/var/www/ccms/usr/arria/xsl/custom/assets/layout-550746/5c6c0a31c2a55.png' to '/paligo/tmp/arria/production-634c4b78da15c8.29155732/552694-Arria_for_Power_BI_DEMO-html5/out/css/image/portal-logo.png'
[16-Oct-2022 19:20:48 Europe/Dublin] Copy file '/var/www/ccms/usr/arria/xsl/custom/assets/layout-550746/5c6c0a60de301.jpg' to '/paligo/tmp/arria/production-634c4b78da15c8.29155732/552694-Arria_for_Power_BI_DEMO-html5/out/css/image/portal-bg.jpg'
[16-Oct-2022 19:20:48 Europe/Dublin] Copy file '/var/www/ccms/usr/arria/xsl/custom/assets/layout-550746/6347d58673cb0.js' to '/paligo/tmp/arria/production-634c4b78da15c8.29155732/552694-Arria_for_Power_BI_DEMO-html5/out/js/layout-custom-script.js'
[16-Oct-2022 19:20:48 Europe/Dublin] Copy file '/var/www/ccms/usr/arria/xsl/custom/assets/layout-550746/5cac71bc63fc8.ico' to '/paligo/tmp/arria/production-634c4b78da15c8.29155732/552694-Arria_for_Power_BI_DEMO-html5/out/favicon.ico'
[16-Oct-2022 19:20:49 Europe/Dublin] Post build HTML5
[16/Oct/2022 19:20:49 Europe/Dublin] [Info] Transformation: index-en.html -> toc-en.html [634c4b7f9ee11.toc.xsl]
[16/Oct/2022 19:20:50 Europe/Dublin] [Info] Transformation: introduction-to-arria-for-bi.html -> introduction-to-arria-for-bi.html [634c4b7f9ee11.page.xsl]
[16/Oct/2022 19:20:50 Europe/Dublin] [Info] Transformation: introduction-to-arria-for-arria-for-power-bi.html -> introduction-to-arria-for-arria-for-power-bi.html [634c4b7f9ee11.page.xsl]
[16/Oct/2022 19:20:50 Europe/Dublin] [Info] Transformation: installing-power-bi.html -> installing-power-bi.html [634c4b7f9ee11.page.xsl]
[16/Oct/2022 19:20:50 Europe/Dublin] [Info] Transformation: index-en.html -> index-en.html [634c4b7f9ee11.page.xsl]
[16/Oct/2022 19:20:50 Europe/Dublin] [Info] Generating index page.
[16/Oct/2022 19:20:50 Europe/Dublin] [Info] Transformation: index.manifest -> index.html [634c4b7f9ee11.index.xsl]
[16/Oct/2022 19:20:50 Europe/Dublin] [Info] # Took 8.575988 seconds to render.
